<?xml version="1.0" encoding="UTF-8"?>
<testsuite name="com.hackerrank.stocktrade.requests.ResourcesControllerTest" tests="1" failures="1" errors="0" skipped="0" time="33.319">
  <testcase classname="com.hackerrank.stocktrade.requests.ResourcesControllerTest" name="com.hackerrank.stocktrade.requests.ResourcesControllerTest.eraseAllRecords" time="33.319">
    <failure>org.springframework.web.util.NestedServletException: Request processing failed; nested exception is org.springframework.dao.InvalidDataAccessResourceUsageException: could not extract ResultSet; SQL [n/a]; nested exception is org.hibernate.exception.SQLGrammarException: could not extract ResultSet&#xD;
	at org.springframework.web.servlet.FrameworkServlet.processRequest(FrameworkServlet.java:1013)&#xD;
	at org.springframework.web.servlet.FrameworkServlet.doDelete(FrameworkServlet.java:930)&#xD;
	at javax.servlet.http.HttpServlet.service(HttpServlet.java:666)&#xD;
	at org.springframework.web.servlet.FrameworkServlet.service(FrameworkServlet.java:882)&#xD;
	at org.springframework.test.web.servlet.TestDispatcherServlet.service(TestDispatcherServlet.java:71)&#xD;
	at javax.servlet.http.HttpServlet.service(HttpServlet.java:741)&#xD;
	at org.springframework.mock.web.MockFilterChain$ServletFilterProxy.doFilter(MockFilterChain.java:166)&#xD;
	at org.springframework.mock.web.MockFilterChain.doFilter(MockFilterChain.java:133)&#xD;
	at org.springframework.web.filter.RequestContextFilter.doFilterInternal(RequestContextFilter.java:99)&#xD;
	at org.springframework.web.filter.OncePerRequestFilter.doFilter(OncePerRequestFilter.java:107)&#xD;
	at org.springframework.mock.web.MockFilterChain.doFilter(MockFilterChain.java:133)&#xD;
	at org.springframework.web.filter.FormContentFilter.doFilterInternal(FormContentFilter.java:92)&#xD;
	at org.springframework.web.filter.OncePerRequestFilter.doFilter(OncePerRequestFilter.java:107)&#xD;
	at org.springframework.mock.web.MockFilterChain.doFilter(MockFilterChain.java:133)&#xD;
	at org.springframework.web.filter.HiddenHttpMethodFilter.doFilterInternal(HiddenHttpMethodFilter.java:93)&#xD;
	at org.springframework.web.filter.OncePerRequestFilter.doFilter(OncePerRequestFilter.java:107)&#xD;
	at org.springframework.mock.web.MockFilterChain.doFilter(MockFilterChain.java:133)&#xD;
	at org.springframework.web.filter.CharacterEncodingFilter.doFilterInternal(CharacterEncodingFilter.java:200)&#xD;
	at org.springframework.web.filter.OncePerRequestFilter.doFilter(OncePerRequestFilter.java:107)&#xD;
	at org.springframework.mock.web.MockFilterChain.doFilter(MockFilterChain.java:133)&#xD;
	at org.springframework.test.web.servlet.MockMvc.perform(MockMvc.java:182)&#xD;
	at com.hackerrank.stocktrade.requests.ResourcesControllerTest.eraseAllRecords(ResourcesControllerTest.java:58)&#xD;
	at java.base/jdk.internal.reflect.NativeMethodAccessorImpl.invoke0(Native Method)&#xD;
	at java.base/jdk.internal.reflect.NativeMethodAccessorImpl.invoke(NativeMethodAccessorImpl.java:62)&#xD;
	at java.base/jdk.internal.reflect.DelegatingMethodAccessorImpl.invoke(DelegatingMethodAccessorImpl.java:43)&#xD;
	at java.base/java.lang.reflect.Method.invoke(Method.java:566)&#xD;
	at org.junit.runners.model.FrameworkMethod$1.runReflectiveCall(FrameworkMethod.java:50)&#xD;
	at org.junit.internal.runners.model.ReflectiveCallable.run(ReflectiveCallable.java:12)&#xD;
	at org.junit.runners.model.FrameworkMethod.invokeExplosively(FrameworkMethod.java:47)&#xD;
	at org.junit.internal.runners.statements.InvokeMethod.evaluate(InvokeMethod.java:17)&#xD;
	at org.springframework.test.context.junit4.statements.RunBeforeTestMethodCallbacks.evaluate(RunBeforeTestMethodCallbacks.java:75)&#xD;
	at org.springframework.test.context.junit4.statements.RunAfterTestMethodCallbacks.evaluate(RunAfterTestMethodCallbacks.java:86)&#xD;
	at org.springframework.test.context.junit4.statements.RunPrepareTestInstanceCallbacks.evaluate(RunPrepareTestInstanceCallbacks.java:64)&#xD;
	at org.springframework.test.context.junit4.statements.SpringRepeat.evaluate(SpringRepeat.java:84)&#xD;
	at org.springframework.test.context.junit4.statements.SpringFailOnTimeout.evaluate(SpringFailOnTimeout.java:87)&#xD;
	at org.springframework.test.context.junit4.statements.ProfileValueChecker.evaluate(ProfileValueChecker.java:103)&#xD;
	at org.junit.rules.TestWatcher$1.evaluate(TestWatcher.java:55)&#xD;
	at org.junit.rules.RunRules.evaluate(RunRules.java:20)&#xD;
	at org.junit.runners.ParentRunner.runLeaf(ParentRunner.java:325)&#xD;
	at org.junit.runners.BlockJUnit4ClassRunner.runChild(BlockJUnit4ClassRunner.java:78)&#xD;
	at org.junit.runners.BlockJUnit4ClassRunner.runChild(BlockJUnit4ClassRunner.java:57)&#xD;
	at org.junit.runners.ParentRunner$3.run(ParentRunner.java:290)&#xD;
	at org.junit.runners.ParentRunner$1.schedule(ParentRunner.java:71)&#xD;
	at org.junit.runners.ParentRunner.runChildren(ParentRunner.java:288)&#xD;
	at org.junit.runners.ParentRunner.access$000(ParentRunner.java:58)&#xD;
	at org.junit.runners.ParentRunner$2.evaluate(ParentRunner.java:268)&#xD;
	at org.junit.internal.runners.statements.RunBefores.evaluate(RunBefores.java:26)&#xD;
	at org.junit.internal.runners.statements.RunAfters.evaluate(RunAfters.java:27)&#xD;
	at org.springframework.test.context.junit4.statements.RunBeforeTestClassCallbacks.evaluate(RunBeforeTestClassCallbacks.java:61)&#xD;
	at org.springframework.test.context.junit4.statements.RunAfterTestClassCallbacks.evaluate(RunAfterTestClassCallbacks.java:70)&#xD;
	at org.springframework.test.context.junit4.statements.ProfileValueChecker.evaluate(ProfileValueChecker.java:103)&#xD;
	at org.springframework.test.context.junit4.rules.SpringClassRule$TestContextManagerCacheEvictor.evaluate(SpringClassRule.java:190)&#xD;
	at org.junit.rules.RunRules.evaluate(RunRules.java:20)&#xD;
	at org.junit.runners.ParentRunner.run(ParentRunner.java:363)&#xD;
	at org.junit.runner.JUnitCore.run(JUnitCore.java:137)&#xD;
	at com.intellij.junit4.JUnit4IdeaTestRunner.startRunnerWithArgs(JUnit4IdeaTestRunner.java:68)&#xD;
	at com.intellij.rt.junit.IdeaTestRunner$Repeater.startRunnerWithArgs(IdeaTestRunner.java:33)&#xD;
	at com.intellij.rt.junit.JUnitStarter.prepareStreamsAndStart(JUnitStarter.java:230)&#xD;
	at com.intellij.rt.junit.JUnitStarter.main(JUnitStarter.java:58)&#xD;
Caused by: org.springframework.dao.InvalidDataAccessResourceUsageException: could not extract ResultSet; SQL [n/a]; nested exception is org.hibernate.exception.SQLGrammarException: could not extract ResultSet&#xD;
	at org.springframework.orm.jpa.vendor.HibernateJpaDialect.convertHibernateAccessException(HibernateJpaDialect.java:279)&#xD;
	at org.springframework.orm.jpa.vendor.HibernateJpaDialect.translateExceptionIfPossible(HibernateJpaDialect.java:253)&#xD;
	at org.springframework.orm.jpa.AbstractEntityManagerFactoryBean.translateExceptionIfPossible(AbstractEntityManagerFactoryBean.java:527)&#xD;
	at org.springframework.dao.support.ChainedPersistenceExceptionTranslator.translateExceptionIfPossible(ChainedPersistenceExceptionTranslator.java:61)&#xD;
	at org.springframework.dao.support.DataAccessUtils.translateIfNecessary(DataAccessUtils.java:242)&#xD;
	at org.springframework.dao.support.PersistenceExceptionTranslationInterceptor.invoke(PersistenceExceptionTranslationInterceptor.java:153)&#xD;
	at org.springframework.aop.framework.ReflectiveMethodInvocation.proceed(ReflectiveMethodInvocation.java:186)&#xD;
	at org.springframework.data.jpa.repository.support.CrudMethodMetadataPostProcessor$CrudMethodMetadataPopulatingMethodInterceptor.invoke(CrudMethodMetadataPostProcessor.java:135)&#xD;
	at org.springframework.aop.framework.ReflectiveMethodInvocation.proceed(ReflectiveMethodInvocation.java:186)&#xD;
	at org.springframework.aop.interceptor.ExposeInvocationInterceptor.invoke(ExposeInvocationInterceptor.java:93)&#xD;
	at org.springframework.aop.framework.ReflectiveMethodInvocation.proceed(ReflectiveMethodInvocation.java:186)&#xD;
	at org.springframework.data.repository.core.support.SurroundingTransactionDetectorMethodInterceptor.invoke(SurroundingTransactionDetectorMethodInterceptor.java:61)&#xD;
	at org.springframework.aop.framework.ReflectiveMethodInvocation.proceed(ReflectiveMethodInvocation.java:186)&#xD;
	at org.springframework.aop.framework.JdkDynamicAopProxy.invoke(JdkDynamicAopProxy.java:212)&#xD;
	at com.sun.proxy.$Proxy97.deleteAll(Unknown Source)&#xD;
	at com.hackerrank.stocktrade.controller.ResourcesController.eraseTrades(ResourcesController.java:22)&#xD;
	at java.base/jdk.internal.reflect.NativeMethodAccessorImpl.invoke0(Native Method)&#xD;
	at java.base/jdk.internal.reflect.NativeMethodAccessorImpl.invoke(NativeMethodAccessorImpl.java:62)&#xD;
	at java.base/jdk.internal.reflect.DelegatingMethodAccessorImpl.invoke(DelegatingMethodAccessorImpl.java:43)&#xD;
	at java.base/java.lang.reflect.Method.invoke(Method.java:566)&#xD;
	at org.springframework.web.method.support.InvocableHandlerMethod.doInvoke(InvocableHandlerMethod.java:189)&#xD;
	at org.springframework.web.method.support.InvocableHandlerMethod.invokeForRequest(InvocableHandlerMethod.java:138)&#xD;
	at org.springframework.web.servlet.mvc.method.annotation.ServletInvocableHandlerMethod.invokeAndHandle(ServletInvocableHandlerMethod.java:102)&#xD;
	at org.springframework.web.servlet.mvc.method.annotation.RequestMappingHandlerAdapter.invokeHandlerMethod(RequestMappingHandlerAdapter.java:895)&#xD;
	at org.springframework.web.servlet.mvc.method.annotation.RequestMappingHandlerAdapter.handleInternal(RequestMappingHandlerAdapter.java:800)&#xD;
	at org.springframework.web.servlet.mvc.method.AbstractHandlerMethodAdapter.handle(AbstractHandlerMethodAdapter.java:87)&#xD;
	at org.springframework.web.servlet.DispatcherServlet.doDispatch(DispatcherServlet.java:1038)&#xD;
	at org.springframework.web.servlet.DispatcherServlet.doService(DispatcherServlet.java:942)&#xD;
	at org.springframework.web.servlet.FrameworkServlet.processRequest(FrameworkServlet.java:1005)&#xD;
	... 58 more&#xD;
Caused by: org.hibernate.exception.SQLGrammarException: could not extract ResultSet&#xD;
	at org.hibernate.exception.internal.SQLExceptionTypeDelegate.convert(SQLExceptionTypeDelegate.java:63)&#xD;
	at org.hibernate.exception.internal.StandardSQLExceptionConverter.convert(StandardSQLExceptionConverter.java:42)&#xD;
	at org.hibernate.engine.jdbc.spi.SqlExceptionHelper.convert(SqlExceptionHelper.java:113)&#xD;
	at org.hibernate.engine.jdbc.spi.SqlExceptionHelper.convert(SqlExceptionHelper.java:99)&#xD;
	at org.hibernate.engine.jdbc.internal.ResultSetReturnImpl.extract(ResultSetReturnImpl.java:69)&#xD;
	at org.hibernate.loader.Loader.getResultSet(Loader.java:2167)&#xD;
	at org.hibernate.loader.Loader.executeQueryStatement(Loader.java:1930)&#xD;
	at org.hibernate.loader.Loader.executeQueryStatement(Loader.java:1892)&#xD;
	at org.hibernate.loader.Loader.doQuery(Loader.java:937)&#xD;
	at org.hibernate.loader.Loader.doQueryAndInitializeNonLazyCollections(Loader.java:340)&#xD;
	at org.hibernate.loader.Loader.doList(Loader.java:2689)&#xD;
	at org.hibernate.loader.Loader.doList(Loader.java:2672)&#xD;
	at org.hibernate.loader.Loader.listIgnoreQueryCache(Loader.java:2506)&#xD;
	at org.hibernate.loader.Loader.list(Loader.java:2501)&#xD;
	at org.hibernate.loader.hql.QueryLoader.list(QueryLoader.java:504)&#xD;
	at org.hibernate.hql.internal.ast.QueryTranslatorImpl.list(QueryTranslatorImpl.java:395)&#xD;
	at org.hibernate.engine.query.spi.HQLQueryPlan.performList(HQLQueryPlan.java:220)&#xD;
	at org.hibernate.internal.SessionImpl.list(SessionImpl.java:1508)&#xD;
	at org.hibernate.query.internal.AbstractProducedQuery.doList(AbstractProducedQuery.java:1537)&#xD;
	at org.hibernate.query.internal.AbstractProducedQuery.list(AbstractProducedQuery.java:1505)&#xD;
	at org.hibernate.query.Query.getResultList(Query.java:135)&#xD;
	at org.hibernate.query.criteria.internal.compile.CriteriaQueryTypeQueryAdapter.getResultList(CriteriaQueryTypeQueryAdapter.java:74)&#xD;
	at org.springframework.data.jpa.repository.support.SimpleJpaRepository.findAll(SimpleJpaRepository.java:306)&#xD;
	at org.springframework.data.jpa.repository.support.SimpleJpaRepository.deleteAll(SimpleJpaRepository.java:202)&#xD;
	at java.base/jdk.internal.reflect.NativeMethodAccessorImpl.invoke0(Native Method)&#xD;
	at java.base/jdk.internal.reflect.NativeMethodAccessorImpl.invoke(NativeMethodAccessorImpl.java:62)&#xD;
	at java.base/jdk.internal.reflect.DelegatingMethodAccessorImpl.invoke(DelegatingMethodAccessorImpl.java:43)&#xD;
	at java.base/java.lang.reflect.Method.invoke(Method.java:566)&#xD;
	at org.springframework.data.repository.core.support.RepositoryComposition$RepositoryFragments.invoke(RepositoryComposition.java:359)&#xD;
	at org.springframework.data.repository.core.support.RepositoryComposition.invoke(RepositoryComposition.java:200)&#xD;
	at org.springframework.data.repository.core.support.RepositoryFactorySupport$ImplementationMethodExecutionInterceptor.invoke(RepositoryFactorySupport.java:644)&#xD;
	at org.springframework.aop.framework.ReflectiveMethodInvocation.proceed(ReflectiveMethodInvocation.java:186)&#xD;
	at org.springframework.data.repository.core.support.RepositoryFactorySupport$QueryExecutorMethodInterceptor.doInvoke(RepositoryFactorySupport.java:608)&#xD;
	at org.springframework.data.repository.core.support.RepositoryFactorySupport$QueryExecutorMethodInterceptor.lambda$invoke$3(RepositoryFactorySupport.java:595)&#xD;
	at org.springframework.data.repository.core.support.RepositoryFactorySupport$QueryExecutorMethodInterceptor.invoke(RepositoryFactorySupport.java:595)&#xD;
	at org.springframework.aop.framework.ReflectiveMethodInvocation.proceed(ReflectiveMethodInvocation.java:186)&#xD;
	at org.springframework.data.projection.DefaultMethodInvokingMethodInterceptor.invoke(DefaultMethodInvokingMethodInterceptor.java:59)&#xD;
	at org.springframework.aop.framework.ReflectiveMethodInvocation.proceed(ReflectiveMethodInvocation.java:186)&#xD;
	at org.springframework.transaction.interceptor.TransactionAspectSupport.invokeWithinTransaction(TransactionAspectSupport.java:294)&#xD;
	at org.springframework.transaction.interceptor.TransactionInterceptor.invoke(TransactionInterceptor.java:98)&#xD;
	at org.springframework.aop.framework.ReflectiveMethodInvocation.proceed(ReflectiveMethodInvocation.java:186)&#xD;
	at org.springframework.dao.support.PersistenceExceptionTranslationInterceptor.invoke(PersistenceExceptionTranslationInterceptor.java:139)&#xD;
	... 81 more&#xD;
Caused by: java.sql.SQLSyntaxErrorException: Table 'stockapi_db.trade' doesn't exist&#xD;
	at com.mysql.cj.jdbc.exceptions.SQLError.createSQLException(SQLError.java:120)&#xD;
	at com.mysql.cj.jdbc.exceptions.SQLError.createSQLException(SQLError.java:97)&#xD;
	at com.mysql.cj.jdbc.exceptions.SQLExceptionsMapping.translateException(SQLExceptionsMapping.java:122)&#xD;
	at com.mysql.cj.jdbc.ClientPreparedStatement.executeInternal(ClientPreparedStatement.java:974)&#xD;
	at com.mysql.cj.jdbc.ClientPreparedStatement.executeQuery(ClientPreparedStatement.java:1024)&#xD;
	at com.zaxxer.hikari.pool.ProxyPreparedStatement.executeQuery(ProxyPreparedStatement.java:52)&#xD;
	at com.zaxxer.hikari.pool.HikariProxyPreparedStatement.executeQuery(HikariProxyPreparedStatement.java)&#xD;
	at org.hibernate.engine.jdbc.internal.ResultSetReturnImpl.extract(ResultSetReturnImpl.java:60)&#xD;
	... 118 more</failure>
  </testcase>
</testsuite>

